[debug] [2023-04-13T08:53:42.491Z] ----------------------------------------------------------------------
[debug] [2023-04-13T08:53:42.493Z] Command:       C:\Program Files\nodejs\node.exe C:\Users\SE140718\AppData\Roaming\npm\node_modules\firebase-tools\lib\bin\firebase.js init
[debug] [2023-04-13T08:53:42.494Z] CLI Version:   11.26.0
[debug] [2023-04-13T08:53:42.494Z] Platform:      win32
[debug] [2023-04-13T08:53:42.494Z] Node Version:  v16.15.0
[debug] [2023-04-13T08:53:42.495Z] Time:          Thu Apr 13 2023 15:53:42 GMT+0700 (Indochina Time)
[debug] [2023-04-13T08:53:42.495Z] ----------------------------------------------------------------------
[debug] 
[debug] [2023-04-13T08:53:42.577Z] > command requires scopes: ["email","openid","https://www.googleapis.com/auth/cloudplatformprojects.readonly","https://www.googleapis.com/auth/firebase","https://www.googleapis.com/auth/cloud-platform"]
[debug] [2023-04-13T08:53:42.577Z] > authorizing via signed-in user (datlhdse140718@fpt.edu.vn)
[info] 
     ######## #### ########  ######## ########     ###     ######  ########
     ##        ##  ##     ## ##       ##     ##  ##   ##  ##       ##
     ######    ##  ########  ######   ########  #########  ######  ######
     ##        ##  ##    ##  ##       ##     ## ##     ##       ## ##
     ##       #### ##     ## ######## ########  ##     ##  ######  ########

You're about to initialize a Firebase project in this directory:

  D:\2023\Capstone\FE\apits-frontend

Before we get started, keep in mind:

  * You are initializing within an existing Firebase project directory

[info] 
=== Project Setup
[info] 
[info] First, let's associate this project directory with a Firebase project.
[info] You can create multiple project aliases by running firebase use --add, 
[info] but for now we'll just set up a default project.
[info] 
[debug] [2023-04-13T08:53:50.069Z] Using project from CLI flag: apits-3dfeb
[debug] [2023-04-13T08:53:50.071Z] >>> [apiv2][query] GET https://firebase.googleapis.com/v1beta1/projects/apits-3dfeb [none]
[debug] [2023-04-13T08:53:50.534Z] <<< [apiv2][status] GET https://firebase.googleapis.com/v1beta1/projects/apits-3dfeb 200
[debug] [2023-04-13T08:53:50.535Z] <<< [apiv2][body] GET https://firebase.googleapis.com/v1beta1/projects/apits-3dfeb {"projectId":"apits-3dfeb","projectNumber":"844982793379","displayName":"APITS","name":"projects/apits-3dfeb","resources":{"hostingSite":"apits-3dfeb"},"state":"ACTIVE","etag":"1_a0989a4e-c298-4cb8-aa71-806f9a8f405e"}
[info] i  Using project apits-3dfeb (APITS) 
[info] 
=== Hosting Setup
[info] 
[info] Your public directory is the folder (relative to your project directory) that
[info] will contain Hosting assets to be uploaded with firebase deploy. If you
[info] have a build process for your assets, use your build's output directory.
[info] 
[debug] [2023-04-13T08:54:32.996Z] >>> [apiv2][query] GET https://www.gstatic.com/firebasejs/releases.json [none]
[debug] [2023-04-13T08:54:33.257Z] <<< [apiv2][status] GET https://www.gstatic.com/firebasejs/releases.json 200
[debug] [2023-04-13T08:54:33.257Z] <<< [apiv2][body] GET https://www.gstatic.com/firebasejs/releases.json {"current":{"version":"9.19.1","browserURL":"https://www.gstatic.com/firebasejs/9.19.1/firebase.js","packageURL":"https://www.gstatic.com/firebasejs/9.19.1/firebase.tgz"},"live":{"version":"9.19","browserURL":"https://www.gstatic.com/firebasejs/live/9.19/firebase.js","packageURL":"https://www.gstatic.com/firebasejs/live/9.19/firebase.tgz"},"components":{"analytics":"https://www.gstatic.com/firebasejs/9.19.1/firebase-analytics.js","app":"https://www.gstatic.com/firebasejs/9.19.1/firebase-app.js","app-check":"https://www.gstatic.com/firebasejs/9.19.1/firebase-app-check.js","auth":"https://www.gstatic.com/firebasejs/9.19.1/firebase-auth.js","auth/cordova":"https://www.gstatic.com/firebasejs/9.19.1/firebase-auth/cordova.js","auth/react-native":"https://www.gstatic.com/firebasejs/9.19.1/firebase-auth/react-native.js","functions":"https://www.gstatic.com/firebasejs/9.19.1/firebase-functions.js","firestore":"https://www.gstatic.com/firebasejs/9.19.1/firebase-firestore.js","firestore/lite":"https://www.gstatic.com/firebasejs/9.19.1/firebase-firestore/lite.js","installations":"https://www.gstatic.com/firebasejs/9.19.1/firebase-installations.js","storage":"https://www.gstatic.com/firebasejs/9.19.1/firebase-storage.js","performance":"https://www.gstatic.com/firebasejs/9.19.1/firebase-performance.js","remote-config":"https://www.gstatic.com/firebasejs/9.19.1/firebase-remote-config.js","messaging":"https://www.gstatic.com/firebasejs/9.19.1/firebase-messaging.js","messaging/sw":"https://www.gstatic.com/firebasejs/9.19.1/firebase-messaging/sw.js","database":"https://www.gstatic.com/firebasejs/9.19.1/firebase-database.js","firestore.memory":"https://www.gstatic.com/firebasejs/9.19.1/firebase-firestore.memory.js"}}
[info] +  Wrote public/index.html 
[info] 
[info] i  Detected a .git folder at D:\2023\Capstone\FE\apits-frontend 
[info] i  Authorizing with GitHub to upload your service account to a GitHub repository's secrets store. 
[info] 
[info] Visit this URL on this device to log in:
[info] https://github.com/login/oauth/authorize?client_id=89cf50f02ac6aaed3484&state=163434686&redirect_uri=http%3A%2F%2Flocalhost%3A9005&scope=read%3Auser%20repo%20public_repo
[info] 
[info] Waiting for authentication...
[debug] [2023-04-13T08:54:47.716Z] >>> [apiv2][query] POST https://github.com/login/oauth/access_token [none]
[debug] [2023-04-13T08:54:47.717Z] >>> [apiv2][body] POST https://github.com/login/oauth/access_token [stream]
[debug] [2023-04-13T08:54:48.230Z] <<< [apiv2][status] POST https://github.com/login/oauth/access_token 200
[debug] [2023-04-13T08:54:48.231Z] <<< [apiv2][body] POST https://github.com/login/oauth/access_token {"access_token":"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","token_type":"bearer","scope":"read:user,repo"}
[debug] [2023-04-13T08:54:48.238Z] >>> [apiv2][query] GET https://api.github.com/user [none]
[debug] [2023-04-13T08:54:48.751Z] <<< [apiv2][status] GET https://api.github.com/user 200
[debug] [2023-04-13T08:54:48.752Z] <<< [apiv2][body] GET https://api.github.com/user {"login":"se140718-dacdat","id":90238350,"node_id":"MDQ6VXNlcjkwMjM4MzUw","avatar_url":"https://avatars.githubusercontent.com/u/90238350?v=4","gravatar_id":"","url":"https://api.github.com/users/se140718-dacdat","html_url":"https://github.com/se140718-dacdat","followers_url":"https://api.github.com/users/se140718-dacdat/followers","following_url":"https://api.github.com/users/se140718-dacdat/following{/other_user}","gists_url":"https://api.github.com/users/se140718-dacdat/gists{/gist_id}","starred_url":"https://api.github.com/users/se140718-dacdat/starred{/owner}{/repo}","subscriptions_url":"https://api.github.com/users/se140718-dacdat/subscriptions","organizations_url":"https://api.github.com/users/se140718-dacdat/orgs","repos_url":"https://api.github.com/users/se140718-dacdat/repos","events_url":"https://api.github.com/users/se140718-dacdat/events{/privacy}","received_events_url":"https://api.github.com/users/se140718-dacdat/received_events","type":"User","site_admin":false,"name":"se140718","company":null,"blog":"","location":null,"email":null,"hireable":null,"bio":null,"twitter_username":null,"public_repos":6,"public_gists":0,"followers":0,"following":0,"created_at":"2021-09-07T05:57:06Z","updated_at":"2023-02-20T04:24:35Z","private_gists":0,"total_private_repos":0,"owned_private_repos":0,"disk_usage":29963,"collaborators":0,"two_factor_authentication":false,"plan":{"name":"free","space":976562499,"collaborators":0,"private_repos":10000}}
[info] 
[info] +  Success! Logged into GitHub as se140718-dacdat 
[info] 
[debug] [2023-04-13T08:56:18.901Z] >>> [apiv2][query] GET https://api.github.com/repos/(format: se140718-dacdat/apits-frontend)/actions/secrets/public-key type=owner
[debug] [2023-04-13T08:56:19.348Z] <<< [apiv2][status] GET https://api.github.com/repos/(format: se140718-dacdat/apits-frontend)/actions/secrets/public-key 404
[debug] [2023-04-13T08:56:19.348Z] <<< [apiv2][body] GET https://api.github.com/repos/(format: se140718-dacdat/apits-frontend)/actions/secrets/public-key {"message":"Not Found","documentation_url":"https://docs.github.com/rest/reference/actions#get-a-repository-public-key"}
[info] 
[info] 
[error] !  The provided authorization cannot be used with this repository. If this repository is in an organization, did you remember to grant access? 
[info] 
[info] i  Action required: Visit this URL to ensure access has been granted to the appropriate organization(s) for the Firebase CLI GitHub OAuth App: 
[info] https://github.com/settings/connections/applications/89cf50f02ac6aaed3484
[info] 
[debug] [2023-04-13T08:57:56.978Z] >>> [apiv2][query] GET https://api.github.com/repos/(se140718-dacdat/apits-frontend)/actions/secrets/public-key type=owner
[debug] [2023-04-13T08:57:57.424Z] <<< [apiv2][status] GET https://api.github.com/repos/(se140718-dacdat/apits-frontend)/actions/secrets/public-key 404
[debug] [2023-04-13T08:57:57.424Z] <<< [apiv2][body] GET https://api.github.com/repos/(se140718-dacdat/apits-frontend)/actions/secrets/public-key {"message":"Not Found","documentation_url":"https://docs.github.com/rest/reference/actions#get-a-repository-public-key"}
[info] 
[info] 
[error] !  The provided authorization cannot be used with this repository. If this repository is in an organization, did you remember to grant access? 
[info] 
[info] i  Action required: Visit this URL to ensure access has been granted to the appropriate organization(s) for the Firebase CLI GitHub OAuth App: 
[info] https://github.com/settings/connections/applications/89cf50f02ac6aaed3484
[info] 
[debug] [2023-04-13T09:00:03.415Z] ----------------------------------------------------------------------
[debug] [2023-04-13T09:00:03.417Z] Command:       C:\Program Files\nodejs\node.exe C:\Users\SE140718\AppData\Roaming\npm\node_modules\firebase-tools\lib\bin\firebase.js init
[debug] [2023-04-13T09:00:03.418Z] CLI Version:   11.26.0
[debug] [2023-04-13T09:00:03.418Z] Platform:      win32
[debug] [2023-04-13T09:00:03.418Z] Node Version:  v16.15.0
[debug] [2023-04-13T09:00:03.419Z] Time:          Thu Apr 13 2023 16:00:03 GMT+0700 (Indochina Time)
[debug] [2023-04-13T09:00:03.419Z] ----------------------------------------------------------------------
[debug] 
[debug] [2023-04-13T09:00:03.522Z] > command requires scopes: ["email","openid","https://www.googleapis.com/auth/cloudplatformprojects.readonly","https://www.googleapis.com/auth/firebase","https://www.googleapis.com/auth/cloud-platform"]
[debug] [2023-04-13T09:00:03.522Z] > authorizing via signed-in user (datlhdse140718@fpt.edu.vn)
[info] 
     ######## #### ########  ######## ########     ###     ######  ########
     ##        ##  ##     ## ##       ##     ##  ##   ##  ##       ##
     ######    ##  ########  ######   ########  #########  ######  ######
     ##        ##  ##    ##  ##       ##     ## ##     ##       ## ##
     ##       #### ##     ## ######## ########  ##     ##  ######  ########

You're about to initialize a Firebase project in this directory:

  D:\2023\Capstone\FE\apits-frontend

Before we get started, keep in mind:

  * You are initializing within an existing Firebase project directory

[info] 
=== Project Setup
[info] 
[info] First, let's associate this project directory with a Firebase project.
[info] You can create multiple project aliases by running firebase use --add, 
[info] but for now we'll just set up a default project.
[info] 
[debug] [2023-04-13T09:00:11.501Z] Using project from CLI flag: apits-3dfeb
[debug] [2023-04-13T09:00:11.504Z] >>> [apiv2][query] GET https://firebase.googleapis.com/v1beta1/projects/apits-3dfeb [none]
[debug] [2023-04-13T09:00:12.125Z] <<< [apiv2][status] GET https://firebase.googleapis.com/v1beta1/projects/apits-3dfeb 200
[debug] [2023-04-13T09:00:12.125Z] <<< [apiv2][body] GET https://firebase.googleapis.com/v1beta1/projects/apits-3dfeb {"projectId":"apits-3dfeb","projectNumber":"844982793379","displayName":"APITS","name":"projects/apits-3dfeb","resources":{"hostingSite":"apits-3dfeb"},"state":"ACTIVE","etag":"1_a0989a4e-c298-4cb8-aa71-806f9a8f405e"}
[info] i  Using project apits-3dfeb (APITS) 
[info] 
=== Hosting:github Setup
[info] 
[info] i  Detected a .git folder at D:\2023\Capstone\FE\apits-frontend 
[info] i  Authorizing with GitHub to upload your service account to a GitHub repository's secrets store. 
[info] 
[info] Visit this URL on this device to log in:
[info] https://github.com/login/oauth/authorize?client_id=89cf50f02ac6aaed3484&state=810962735&redirect_uri=http%3A%2F%2Flocalhost%3A9005&scope=read%3Auser%20repo%20public_repo
[info] 
[info] Waiting for authentication...
[debug] [2023-04-13T09:00:12.828Z] >>> [apiv2][query] POST https://github.com/login/oauth/access_token [none]
[debug] [2023-04-13T09:00:12.828Z] >>> [apiv2][body] POST https://github.com/login/oauth/access_token [stream]
[debug] [2023-04-13T09:00:13.362Z] <<< [apiv2][status] POST https://github.com/login/oauth/access_token 200
[debug] [2023-04-13T09:00:13.362Z] <<< [apiv2][body] POST https://github.com/login/oauth/access_token {"access_token":"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","token_type":"bearer","scope":"read:user,repo"}
[debug] [2023-04-13T09:00:13.370Z] >>> [apiv2][query] GET https://api.github.com/user [none]
[debug] [2023-04-13T09:00:13.913Z] <<< [apiv2][status] GET https://api.github.com/user 200
[debug] [2023-04-13T09:00:13.913Z] <<< [apiv2][body] GET https://api.github.com/user {"login":"se140718-dacdat","id":90238350,"node_id":"MDQ6VXNlcjkwMjM4MzUw","avatar_url":"https://avatars.githubusercontent.com/u/90238350?v=4","gravatar_id":"","url":"https://api.github.com/users/se140718-dacdat","html_url":"https://github.com/se140718-dacdat","followers_url":"https://api.github.com/users/se140718-dacdat/followers","following_url":"https://api.github.com/users/se140718-dacdat/following{/other_user}","gists_url":"https://api.github.com/users/se140718-dacdat/gists{/gist_id}","starred_url":"https://api.github.com/users/se140718-dacdat/starred{/owner}{/repo}","subscriptions_url":"https://api.github.com/users/se140718-dacdat/subscriptions","organizations_url":"https://api.github.com/users/se140718-dacdat/orgs","repos_url":"https://api.github.com/users/se140718-dacdat/repos","events_url":"https://api.github.com/users/se140718-dacdat/events{/privacy}","received_events_url":"https://api.github.com/users/se140718-dacdat/received_events","type":"User","site_admin":false,"name":"se140718","company":null,"blog":"","location":null,"email":null,"hireable":null,"bio":null,"twitter_username":null,"public_repos":6,"public_gists":0,"followers":0,"following":0,"created_at":"2021-09-07T05:57:06Z","updated_at":"2023-02-20T04:24:35Z","private_gists":0,"total_private_repos":0,"owned_private_repos":0,"disk_usage":29963,"collaborators":0,"two_factor_authentication":false,"plan":{"name":"free","space":976562499,"collaborators":0,"private_repos":10000}}
[info] 
[info] +  Success! Logged into GitHub as se140718-dacdat 
[info] 
[debug] [2023-04-13T09:00:35.219Z] >>> [apiv2][query] GET https://api.github.com/repos/(apits-frontend)/actions/secrets/public-key type=owner
[debug] [2023-04-13T09:00:35.596Z] <<< [apiv2][status] GET https://api.github.com/repos/(apits-frontend)/actions/secrets/public-key 404
[debug] [2023-04-13T09:00:35.597Z] <<< [apiv2][body] GET https://api.github.com/repos/(apits-frontend)/actions/secrets/public-key {"message":"Not Found","documentation_url":"https://docs.github.com/rest"}
[info] 
[info] 
[error] !  The provided authorization cannot be used with this repository. If this repository is in an organization, did you remember to grant access? 
[info] 
[info] i  Action required: Visit this URL to ensure access has been granted to the appropriate organization(s) for the Firebase CLI GitHub OAuth App: 
[info] https://github.com/settings/connections/applications/89cf50f02ac6aaed3484
[info] 
[debug] [2023-04-13T09:00:49.582Z] >>> [apiv2][query] GET https://api.github.com/repos/(se140718-dacdat/apits-frontend)/actions/secrets/public-key type=owner
[debug] [2023-04-13T09:00:49.955Z] <<< [apiv2][status] GET https://api.github.com/repos/(se140718-dacdat/apits-frontend)/actions/secrets/public-key 404
[debug] [2023-04-13T09:00:49.956Z] <<< [apiv2][body] GET https://api.github.com/repos/(se140718-dacdat/apits-frontend)/actions/secrets/public-key {"message":"Not Found","documentation_url":"https://docs.github.com/rest/reference/actions#get-a-repository-public-key"}
[info] 
[info] 
[error] !  The provided authorization cannot be used with this repository. If this repository is in an organization, did you remember to grant access? 
[info] 
[info] i  Action required: Visit this URL to ensure access has been granted to the appropriate organization(s) for the Firebase CLI GitHub OAuth App: 
[info] https://github.com/settings/connections/applications/89cf50f02ac6aaed3484
[info] 
[debug] [2023-04-13T09:00:57.793Z] >>> [apiv2][query] GET https://api.github.com/repos/(format: se140718-dacdat/apits-frontend)/actions/secrets/public-key type=owner
[debug] [2023-04-13T09:00:58.165Z] <<< [apiv2][status] GET https://api.github.com/repos/(format: se140718-dacdat/apits-frontend)/actions/secrets/public-key 404
[debug] [2023-04-13T09:00:58.165Z] <<< [apiv2][body] GET https://api.github.com/repos/(format: se140718-dacdat/apits-frontend)/actions/secrets/public-key {"message":"Not Found","documentation_url":"https://docs.github.com/rest/reference/actions#get-a-repository-public-key"}
[info] 
[info] 
[error] !  The provided authorization cannot be used with this repository. If this repository is in an organization, did you remember to grant access? 
[info] 
[info] i  Action required: Visit this URL to ensure access has been granted to the appropriate organization(s) for the Firebase CLI GitHub OAuth App: 
[info] https://github.com/settings/connections/applications/89cf50f02ac6aaed3484
[info] 
